1    Trp_leader_2         RF02370   trpE(-)
1    Bp2_287              RF02424   upp(-)
2    STnc180              RF02079   upp(-)
1    Hrs13                RF02631   coiA(+)
2    Pseudomon-1          RF01719   coiA(+)
3    rliE                 RF01459   coiA(+)
4    rliE                 RF01459   coiA(+)
1    ylbH                 RF00516   yxkH(-)
1    mir-365              RF00659   dnaN(+)
1    Esr41                RF02676   galM(-)
1    Betaproteobacteria_toxic_sRNA RF02278   ctsR(+)
1    RsaE                 RF01820   yukJ(+)
1    STnc40               RF02057   drm(-)
1    Atu_C9               RF02503   rapA(+)
2    Atu_C9               RF02503   rapA(+)
3    L20_leader           RF00558   rapA(+)
4    mir-263              RF00706   rapA(+)
5    Thr_leader           RF00506   rapA(+)
1    L21_leader           RF00559   rplU(-)
1    RsaJ                 RF01822   yflS(+)
1    STnc40               RF02057   ilvD(-)
2    STnc420              RF02054   ilvD(-)
3    STnc40               RF02057   ilvD(-)
1    RMST_10              RF01971   nnrA(-)
1    ctRNA_p42d           RF00489   dynA(-)
1    Spy1186876           RF02590   pucA(-)
1    Afu_335              RF01513   yrkK(-)
1    Atu_C9               RF02503   yqbN(-)
1    NsiR1                RF02399   yuiF(-)
1    STnc230              RF02075   dapH(+)
1    BjrC68               RF02353   yveA(+)
1    T-box                RF00230   alaS(-)
1    T-box                RF00230   pheS(-)
1    mir-299              RF00756   yebD(+)
2    mir-299              RF00756   yebD(+)
3    frnS                 RF01796   yebD(+)
1    sau-6072             RF02398   pgcA(+)
1    P16                  RF00628   garD(+)
1    SgrS                 RF00534   yunG(-)
2    suhB                 RF00519   yunG(-)
1    Termite-leu          RF01730   tsf(+)
1    SAM                  RF00162   cysH(+)
2    SAM-I-IV-variant     RF01725   cysH(+)
1    SAM                  RF00162   mtnW(+)
2    SAM-I-IV-variant     RF01725   mtnW(+)
1    DGCR5                RF02098   yurZ(-)
2    PsrR1                RF02701   yurZ(-)
1    Qrr                  RF00378   ybcL(+)
1    SNORA16              RF00190   secA(-)
1    STnc390              RF02056   yndD(+)
2    Diantho_3_UTR        RF02456   yndD(+)
3    CRISPR-DR65          RF01378   yndD(+)
1    FsrA                 RF02273   ykuJ(+)
2    PrrF                 RF00444   ykuJ(+)
1    Lysine               RF00168   lysC(-)
1    L13_leader           RF00555   rplM(+)
1    MicX                 RF01808   yxxF(-)
2    STnc250              RF01409   yxxF(-)
3    STnc40               RF02057   yxxF(-)
4    sraL                 RF01408   yxxF(-)
5    Thr_leader           RF00506   yxxF(-)
6    Leu_leader           RF00512   yxxF(-)
7    STnc370              RF02064   yxxF(-)
8    STnc130              RF02084   yxxF(-)
9    Phe_leader           RF01859   yxxF(-)
10   STnc130              RF02084   yxxF(-)
1    suhB                 RF00519   gerM(-)
1    CC0196               RF01519   ylyA(+)
1    EF0408_EF0409        RF02637   yitY(+)
1    rli40                RF01472   ywfA(-)
2    sX12                 RF02231   ywfA(-)
1    PreQ1                RF00522   queC(+)
1    L10_leader           RF00557   ypcP(-)
1    ydaO-yuaA            RF00379   ydaO(+)
1    mir-553              RF00979   ykyB(-)
2    sau-5971             RF02397   ykyB(-)
3    Atu_C9               RF02503   ykyB(-)
4    Atu_C9               RF02503   ykyB(-)
1    T-box                RF00230   thrZ(-)
2    T-box                RF00230   thrZ(-)
3    T-box                RF00230   thrZ(-)
1    HOTAIR_2             RF01905   tagO(-)
1    SSRC34_2             RF02618   ydbI(+)
2    STnc40               RF02057   ydbI(+)
3    Atu_C8               RF02502   ydbI(+)
4    sn668                RF01162   ydbI(+)
5    STnc450              RF02051   ydbI(+)
6    L20_leader           RF00558   ydbI(+)
1    ctRNA_p42d           RF00489   ywsA(+)
1    T-box                RF00230   glyQ(-)
1    STnc320              RF02066   yhcO(+)
2    ylbH                 RF00516   yhcO(+)
3    Leu_leader           RF00512   yhcO(+)
4    Leu_leader           RF00512   yhcO(+)
1    NBR2                 RF02153   yopQ(-)
1    TTC28-AS1_2          RF02199   dhbA(-)
1    Alfamo_CPB           RF00252   spoVIF(+)
2    psRNA14              RF02351   spoVIF(+)
1    SraB                 RF00077   citS(+)
2    BASRCI337            RF02601   citS(+)
1    DapZ                 RF02551   yheF(-)
1    mir-239              RF00713   dnaB(-)
1    SurC                 RF02378   dnaJ(-)
1    WsnRNA59             RF02626   spoIVFA(-)
1    cyano_tmRNA          RF01851   yisS(+)
1    SNORD59              RF00273   yxeI(-)
2    Thr_leader           RF00506   yxeI(-)
3    Thr_leader           RF00506   yxeI(-)
1    Thr_leader           RF00506   prkA(+)
2    STnc320              RF02066   prkA(+)
3    MicX                 RF01808   prkA(+)
4    rliH                 RF01460   prkA(+)
5    CsrB                 RF00018   prkA(+)
6    sbrA                 RF01489   prkA(+)
1    sau-19               RF02386   dapF(-)
2    sau-19               RF02386   dapF(-)
1    t44                  RF00127   rpsB(+)
1    snosnR69             RF00475   ydzH(-)
1    Atu_C9               RF02503   narK(-)
2    sbrA                 RF01489   narK(-)
1    T-box                RF00230   tyrS(-)
2    ctRNA_pGA1           RF00236   tyrS(-)
1    RsaJ                 RF01822   yopM(-)
2    rli40                RF01472   yopM(-)
1    MIR159               RF00638   ycdC(+)
2    STnc370              RF02064   ycdC(+)
3    SpR14_sRNA           RF02445   ycdC(+)
4    mir-515              RF00639   ycdC(+)
1    Spy1786666           RF02591   ispH(+)
1    Leu_leader           RF00512   yrrL(-)
2    Leu_leader           RF00512   yrrL(-)
3    Thr_leader           RF00506   yrrL(-)
4    STnc240              RF02074   yrrL(-)
1    PsrR1                RF02701   araA(-)
2    EF3314_EF3315        RF02634   araA(-)
3    alpha_tmRNA          RF01849   araA(-)
4    STnc540              RF02082   araA(-)
1    pan                  RF01749   panB(-)
1    Lysine               RF00168   lysP(-)
1    SNORA14              RF00397   ypwA(-)
1    ctRNA_p42d           RF00489   yrbC(-)
1    mycoplasma_FSE       RF01842   yubF(-)
1    mir-449              RF00711   yccF(+)
1    Thr_leader           RF00506   ywrO(-)
2    SurA                 RF02377   ywrO(-)
3    sraL                 RF01408   ywrO(-)
4    Thr_leader           RF00506   ywrO(-)
5    ncr1015              RF02449   ywrO(-)
1    SAM                  RF00162   yxjG(+)
2    PyrR                 RF00515   yxjG(+)
3    SAM-I-IV-variant     RF01725   yxjG(+)
1    HSR-omega_2          RF01886   yonT(-)
1    NsiR1                RF02399   yycE(-)
1    GcvB                 RF00022   ykzP(+)
1    DdR10                RF01560   yfhC(+)
1    scr4677              RF02673   manP(+)
1    PyrG_leader          RF02371   pyrG(-)
2    PyrG_leader          RF02371   pyrG(-)
3    tsr31                RF02580   pyrG(-)
1    rimP                 RF01770   parE(+)
1    ncr1015              RF02449   pps(-)
2    ncr1015              RF02449   pps(-)
1    mir-1497             RF00953   yqaD(-)
1    mir-449              RF00711   yczC(-)
1    Bacillaceae-1        RF01690   ilvA(-)
1    T-box                RF00230   tyrZ(+)
1    suhB                 RF00519   yfnB(-)
1    ctRNA_pGA1           RF00236   gltT(-)
1    Purine               RF00167   xpt(-)
1    SAM                  RF00162   yxjH(+)
1    T-box                RF00230   glyQ(-)
1    SAM                  RF00162   metN(-)
2    mir-147              RF00693   metN(-)
3    SAM-I-IV-variant     RF01725   metN(-)
1    SAM                  RF00162   metI(+)
2    rli40                RF01472   metI(+)
3    ncr952               RF02453   metI(+)
1    Bacillaceae-1        RF01690   thiT(+)
2    TPP                  RF00059   thiT(+)
1    rimP                 RF01770   nusG(+)
1    PCA3_2               RF01894   uvrB(-)
2    Rev39_5p_UTR         RF02744   uvrB(-)
1    T-box                RF00230   proI(+)
1    TPP                  RF00059   ykoG(+)
1    SurC                 RF02378   dnaJ(-)
1    PyrR                 RF00515   pyrR(+)
1    Purine               RF00167   pbuG(+)
1    cyano_tmRNA          RF01851   yisS(+)
1    Bacillaceae-1        RF01690   fdhD(-)
1    T-box                RF00230   cysE(+)
2    PyrR                 RF00515   cysE(+)
3    icaR_3p_UTR          RF02660   cysE(+)
1    T-box                RF00230   tyrS(-)
1    ar35                 RF02346   nprB(+)
2    SorY                 RF02651   nprB(+)
1    L10_leader           RF00557   ykcB(+)
1    rli40                RF01472   ydzJ(-)
1    BSnc120              RF02621   rtp(-)
2    AbsR28               RF02606   rtp(-)
1    Leu_leader           RF00512   xynD(-)
1    TPP                  RF00059   tenA(+)
1    T-box                RF00230   pheS(-)
1    T-box                RF00230   hisS(-)
1    psRNA6               RF02350   sigI(+)
2    SSRC34_2             RF02618   sigI(+)
3    ncr1015              RF02449   sigI(+)
1    Leu_leader           RF00512   ydaJ(+)
2    Leu_leader           RF00512   ydaJ(+)
3    LhrC                 RF00616   ydaJ(+)
4    FasX                 RF02384   ydaJ(+)
5    Thr_leader           RF00506   ydaJ(+)
1    6S                   RF00013   yrvM(-)
1    T-box                RF00230   ileS(+)
1    SAM                  RF00162   yxjG(+)
2    PyrR                 RF00515   yxjG(+)
3    SAM-I-IV-variant     RF01725   yxjG(+)
1    FMN                  RF00050   ribD(-)
2    isrL                 RF01395   ribD(-)
3    SpF66_sRNA           RF02442   ribD(-)
4    DLEU2_1              RF02105   ribD(-)
1    CRISPR-DR65          RF01378   yndD(+)
1    psRNA6               RF02350   pbpH(+)
1    asX2                 RF02236   ydjB(+)
1    RUF1                 RF01578   uxaC(+)
1    T-box                RF00230   serS(+)
1    EF0408_EF0409        RF02637   yitY(+)
1    PreQ1                RF00522   queC(+)
1    Atu_C9               RF02503   yjbA(+)
1    ydaO-yuaA            RF00379   ydaO(+)
1    SCARNA7              RF01295   rodA(-)
1    SAM                  RF00162   metK(-)
1    Atu_C9               RF02503   yxjJ(+)
1    T-box                RF00230   tyrZ(+)
1    T-box                RF00230   thrZ(-)
234
